telkomsel 10 51
xl 20 100
indosat 30 25
telkomsel 10 51
xl 20 100
indosat 30 25
telkomsel 10 51
telkomsel 10 51
xl 20 100
indosat 30 25
telkomsel 10 51
telkomsel 10 51
xl 20 100
xl 20 100
telkomsel 10 51
xl 20 100
indosat 30 25
telkomsel 10 51
xl 20 100
indosat 30 25
telkomsel 10 51
telkomsel 10 51
PHP Warning:  fsockopen(): unable to connect to localhost:5038 (Connection refused) in /var/www/html/ui/processNohup.php on line 24

Warning: fsockopen(): unable to connect to localhost:5038 (Connection refused) in /var/www/html/ui/processNohup.php on line 24
salaahhPHP Warning:  fclose() expects parameter 1 to be resource, boolean given in /var/www/html/ui/processNohup.php on line 35

Warning: fclose() expects parameter 1 to be resource, boolean given in /var/www/html/ui/processNohup.php on line 35
xl 20 100
PHP Warning:  fsockopen(): unable to connect to localhost:5038 (Connection refused) in /var/www/html/ui/processNohup.php on line 24

Warning: fsockopen(): unable to connect to localhost:5038 (Connection refused) in /var/www/html/ui/processNohup.php on line 24
salaahhPHP Warning:  fclose() expects parameter 1 to be resource, boolean given in /var/www/html/ui/processNohup.php on line 35

Warning: fclose() expects parameter 1 to be resource, boolean given in /var/www/html/ui/processNohup.php on line 35
indosat 30 25
PHP Warning:  fsockopen(): unable to connect to localhost:5038 (Connection refused) in /var/www/html/ui/processNohup.php on line 24

Warning: fsockopen(): unable to connect to localhost:5038 (Connection refused) in /var/www/html/ui/processNohup.php on line 24
salaahhPHP Warning:  fclose() expects parameter 1 to be resource, boolean given in /var/www/html/ui/processNohup.php on line 35

Warning: fclose() expects parameter 1 to be resource, boolean given in /var/www/html/ui/processNohup.php on line 35
telkomsel 10 51
PHP Warning:  fsockopen(): unable to connect to localhost:5038 (Connection refused) in /var/www/html/ui/processNohup.php on line 24

Warning: fsockopen(): unable to connect to localhost:5038 (Connection refused) in /var/www/html/ui/processNohup.php on line 24
salaahhPHP Warning:  fclose() expects parameter 1 to be resource, boolean given in /var/www/html/ui/processNohup.php on line 35

Warning: fclose() expects parameter 1 to be resource, boolean given in /var/www/html/ui/processNohup.php on line 35
xl 20 100
PHP Warning:  fsockopen(): unable to connect to localhost:5038 (Connection refused) in /var/www/html/ui/processNohup.php on line 24

Warning: fsockopen(): unable to connect to localhost:5038 (Connection refused) in /var/www/html/ui/processNohup.php on line 24
salaahhPHP Warning:  fclose() expects parameter 1 to be resource, boolean given in /var/www/html/ui/processNohup.php on line 35

Warning: fclose() expects parameter 1 to be resource, boolean given in /var/www/html/ui/processNohup.php on line 35
indosat 30 25
PHP Warning:  fsockopen(): unable to connect to localhost:5038 (Connection refused) in /var/www/html/ui/processNohup.php on line 24

Warning: fsockopen(): unable to connect to localhost:5038 (Connection refused) in /var/www/html/ui/processNohup.php on line 24
salaahhPHP Warning:  fclose() expects parameter 1 to be resource, boolean given in /var/www/html/ui/processNohup.php on line 35

Warning: fclose() expects parameter 1 to be resource, boolean given in /var/www/html/ui/processNohup.php on line 35
telkomsel 10 51
PHP Warning:  fsockopen(): unable to connect to localhost:5038 (Connection refused) in /var/www/html/ui/processNohup.php on line 24

Warning: fsockopen(): unable to connect to localhost:5038 (Connection refused) in /var/www/html/ui/processNohup.php on line 24
salaahhPHP Warning:  fclose() expects parameter 1 to be resource, boolean given in /var/www/html/ui/processNohup.php on line 35

Warning: fclose() expects parameter 1 to be resource, boolean given in /var/www/html/ui/processNohup.php on line 35
xl 20 100
PHP Warning:  fsockopen(): unable to connect to localhost:5038 (Connection refused) in /var/www/html/ui/processNohup.php on line 24

Warning: fsockopen(): unable to connect to localhost:5038 (Connection refused) in /var/www/html/ui/processNohup.php on line 24
salaahhPHP Warning:  fclose() expects parameter 1 to be resource, boolean given in /var/www/html/ui/processNohup.php on line 35

Warning: fclose() expects parameter 1 to be resource, boolean given in /var/www/html/ui/processNohup.php on line 35
indosat 30 25
PHP Warning:  fsockopen(): unable to connect to localhost:5038 (Connection refused) in /var/www/html/ui/processNohup.php on line 24

Warning: fsockopen(): unable to connect to localhost:5038 (Connection refused) in /var/www/html/ui/processNohup.php on line 24
salaahhPHP Warning:  fclose() expects parameter 1 to be resource, boolean given in /var/www/html/ui/processNohup.php on line 35

Warning: fclose() expects parameter 1 to be resource, boolean given in /var/www/html/ui/processNohup.php on line 35
telkomsel 10 51
xl 20 100
indosat 30 25
telkomsel 10 51
xl 20 100
indosat 30 25
telkomsel 10 51
xl 20 100
indosat 30 25
telkomsel 10 51
xl 20 100
indosat 30 25
telkomsel 10 51
xl 20 100
indosat 30 25
telkomsel 10 51
xl 20 100
indosat 30 25
telkomsel 10 51
xl 20 100
indosat 30 25
telkomsel 10 51
xl 20 100
PHP Warning:  fsockopen(): unable to connect to localhost:5038 (Connection refused) in /var/www/html/ui/processNohup.php on line 24

Warning: fsockopen(): unable to connect to localhost:5038 (Connection refused) in /var/www/html/ui/processNohup.php on line 24
salaahhPHP Warning:  fclose() expects parameter 1 to be resource, boolean given in /var/www/html/ui/processNohup.php on line 35

Warning: fclose() expects parameter 1 to be resource, boolean given in /var/www/html/ui/processNohup.php on line 35
indosat 30 25
telkomsel 10 51
xl 20 100
indosat 30 25
telkomsel 10 51
xl 20 100
indosat 30 25
telkomsel 10 51
xl 20 100
indosat 30 25
telkomsel 10 51
xl 20 100
indosat 30 25
telkomsel 10 51
xl 20 100
indosat 30 25
telkomsel 10 51
xl 20 100
indosat 30 25
